<?xml version="1.0" encoding="UTF-8"?>
<!-- Generated by org.testng.reporters.JUnitXMLReporter -->
<testsuite hostname="HP" ignored="9" name="Test" tests="3" failures="0" timestamp="17 Feb 2022 15:19:59 GMT" time="0.204" errors="0">
  <testcase name="tc3" time="0.035" classname="org.ne.A"/>
  <testcase name="tc1111" time="0.005" classname="org.ne.D"/>
  <testcase name="tc33" time="0.03" classname="org.ne.B"/>
  <testcase name="tc1" time="0.0" classname="org.ne.A">
    <ignored/>
  </testcase> <!-- tc1 -->
  <testcase name="tc222" time="0.0" classname="org.ne.C">
    <ignored/>
  </testcase> <!-- tc222 -->
  <testcase name="tc111" time="0.0" classname="org.ne.C">
    <ignored/>
  </testcase> <!-- tc111 -->
  <testcase name="tc2222" time="0.0" classname="org.ne.D">
    <ignored/>
  </testcase> <!-- tc2222 -->
  <testcase name="tc3333" time="0.0" classname="org.ne.D">
    <ignored/>
  </testcase> <!-- tc3333 -->
  <testcase name="tc333" time="0.0" classname="org.ne.C">
    <ignored/>
  </testcase> <!-- tc333 -->
  <testcase name="tc11" time="0.0" classname="org.ne.B">
    <ignored/>
  </testcase> <!-- tc11 -->
  <testcase name="tc22" time="0.0" classname="org.ne.B">
    <ignored/>
  </testcase> <!-- tc22 -->
  <testcase name="tc2" time="0.0" classname="org.ne.A">
    <ignored/>
  </testcase> <!-- tc2 -->
</testsuite> <!-- Test -->
